Using pre-set license
Built from '2021.3/staging' branch; Version is '2021.3.6f1 (7da38d85baf6) revision 8233869'; Using compiler version '192829333'; Build Type 'Release'
OS: 'Windows 10  (10.0.19044) 64bit Enterprise' Language: 'en' Physical Memory: 16282 MB
BatchMode: 1, IsHumanControllingUs: 0, StartBugReporterOnCrash: 0, Is64bit: 1, IsPro: 1

COMMAND LINE ARGUMENTS:
C:\Program Files\Unity\Hub\Editor\2021.3.6f1\Editor\Unity.exe
-adb2
-batchMode
-noUpm
-name
AssetImportWorker2
-projectPath
C:/Users/chinr1/Desktop/AI_Final_Project/zombieGame-AiFinal
-logFile
Logs/AssetImportWorker2.log
-srvPort
62242
Successfully changed project path to: C:/Users/chinr1/Desktop/AI_Final_Project/zombieGame-AiFinal
C:/Users/chinr1/Desktop/AI_Final_Project/zombieGame-AiFinal
[UnityMemory] Configuration Parameters - Can be set up in boot.config
    "memorysetup-bucket-allocator-granularity=16"
    "memorysetup-bucket-allocator-bucket-count=8"
    "memorysetup-bucket-allocator-block-size=33554432"
    "memorysetup-bucket-allocator-block-count=8"
    "memorysetup-main-allocator-block-size=16777216"
    "memorysetup-thread-allocator-block-size=16777216"
    "memorysetup-gfx-main-allocator-block-size=16777216"
    "memorysetup-gfx-thread-allocator-block-size=16777216"
    "memorysetup-cache-allocator-block-size=4194304"
    "memorysetup-typetree-allocator-block-size=2097152"
    "memorysetup-profiler-bucket-allocator-granularity=16"
    "memorysetup-profiler-bucket-allocator-bucket-count=8"
    "memorysetup-profiler-bucket-allocator-block-size=33554432"
    "memorysetup-profiler-bucket-allocator-block-count=8"
    "memorysetup-profiler-allocator-block-size=16777216"
    "memorysetup-profiler-editor-allocator-block-size=1048576"
    "memorysetup-temp-allocator-size-main=16777216"
    "memorysetup-job-temp-allocator-block-size=2097152"
    "memorysetup-job-temp-allocator-block-size-background=1048576"
    "memorysetup-job-temp-allocator-reduction-small-platforms=262144"
    "memorysetup-temp-allocator-size-background-worker=32768"
    "memorysetup-temp-allocator-size-job-worker=262144"
    "memorysetup-temp-allocator-size-preload-manager=33554432"
    "memorysetup-temp-allocator-size-nav-mesh-worker=65536"
    "memorysetup-temp-allocator-size-audio-worker=65536"
    "memorysetup-temp-allocator-size-cloud-worker=32768"
    "memorysetup-temp-allocator-size-gi-baking-worker=262144"
    "memorysetup-temp-allocator-size-gfx=262144"
Refreshing native plugins compatible for Editor in 108.98 ms, found 3 plugins.
Preloading 0 native plugins for Editor in 0.00 ms.
Initialize engine version: 2021.3.6f1 (7da38d85baf6)
[Subsystems] Discovering subsystems at path C:/Program Files/Unity/Hub/Editor/2021.3.6f1/Editor/Data/Resources/UnitySubsystems
[Subsystems] Discovering subsystems at path C:/Users/chinr1/Desktop/AI_Final_Project/zombieGame-AiFinal/Assets
GfxDevice: creating device client; threaded=0; jobified=0
Direct3D:
    Version:  Direct3D 11.0 [level 11.1]
    Renderer: NVIDIA GeForce RTX 2070 with Max-Q Design (ID=0x1f10)
    Vendor:   NVIDIA
    VRAM:     8031 MB
    Driver:   25.21.14.2554
Initialize mono
Mono path[0] = 'C:/Program Files/Unity/Hub/Editor/2021.3.6f1/Editor/Data/Managed'
Mono path[1] = 'C:/Program Files/Unity/Hub/Editor/2021.3.6f1/Editor/Data/MonoBleedingEdge/lib/mono/unityjit-win32'
Mono config path = 'C:/Program Files/Unity/Hub/Editor/2021.3.6f1/Editor/Data/MonoBleedingEdge/etc'
Using monoOptions --debugger-agent=transport=dt_socket,embedding=1,server=y,suspend=n,address=127.0.0.1:56740
Begin MonoManager ReloadAssembly
Registering precompiled unity dll's ...
Register platform support module: C:/Program Files/Unity/Hub/Editor/2021.3.6f1/Editor/Data/PlaybackEngines/WindowsStandaloneSupport/UnityEditor.WindowsStandalone.Extensions.dll
Registered in 0.005858 seconds.
Native extension for WindowsStandalone target not found
Refreshing native plugins compatible for Editor in 85.97 ms, found 3 plugins.
Preloading 0 native plugins for Editor in 0.00 ms.
Mono: successfully reloaded assembly
- Completed reload, in  0.642 seconds
Domain Reload Profiling:
	ReloadAssembly (643ms)
		BeginReloadAssembly (91ms)
			ExecutionOrderSort (0ms)
			DisableScriptedObjects (0ms)
			BackupInstance (0ms)
			ReleaseScriptingObjects (0ms)
			CreateAndSetChildDomain (1ms)
		EndReloadAssembly (438ms)
			LoadAssemblies (88ms)
			RebuildTransferFunctionScriptingTraits (0ms)
			SetupTypeCache (93ms)
			ReleaseScriptCaches (0ms)
			RebuildScriptCaches (27ms)
			SetupLoadedEditorAssemblies (272ms)
				LogAssemblyErrors (0ms)
				InitializePlatformSupportModulesInManaged (7ms)
				SetLoadedEditorAssemblies (0ms)
				RefreshPlugins (86ms)
				BeforeProcessingInitializeOnLoad (1ms)
				ProcessInitializeOnLoadAttributes (131ms)
				ProcessInitializeOnLoadMethodAttributes (47ms)
				AfterProcessingInitializeOnLoad (0ms)
				EditorAssembliesLoaded (0ms)
			ExecutionOrderSort2 (0ms)
			AwakeInstancesAfterBackupRestoration (0ms)
Platform modules already initialized, skipping
Registering precompiled user dll's ...
Registered in 0.007715 seconds.
Begin MonoManager ReloadAssembly
Symbol file LoadedFromMemory doesn't match image C:\Users\chinr1\Desktop\AI_Final_Project\zombieGame-AiFinal\Library\PackageCache\com.unity.visualscripting@1.7.8\Editor\VisualScripting.Core\Dependencies\YamlDotNet\Unity.VisualScripting.YamlDotNet.dll
Symbol file LoadedFromMemory doesn't match image C:\Users\chinr1\Desktop\AI_Final_Project\zombieGame-AiFinal\Library\PackageCache\com.unity.visualscripting@1.7.8\Editor\VisualScripting.Core\Dependencies\DotNetZip\Unity.VisualScripting.IonicZip.dll
Native extension for WindowsStandalone target not found
Refreshing native plugins compatible for Editor in 0.51 ms, found 3 plugins.
Preloading 0 native plugins for Editor in 0.00 ms.
Mono: successfully reloaded assembly
- Completed reload, in  0.961 seconds
Domain Reload Profiling:
	ReloadAssembly (962ms)
		BeginReloadAssembly (107ms)
			ExecutionOrderSort (0ms)
			DisableScriptedObjects (5ms)
			BackupInstance (0ms)
			ReleaseScriptingObjects (0ms)
			CreateAndSetChildDomain (18ms)
		EndReloadAssembly (750ms)
			LoadAssemblies (82ms)
			RebuildTransferFunctionScriptingTraits (0ms)
			SetupTypeCache (237ms)
			ReleaseScriptCaches (1ms)
			RebuildScriptCaches (45ms)
			SetupLoadedEditorAssemblies (350ms)
				LogAssemblyErrors (0ms)
				InitializePlatformSupportModulesInManaged (6ms)
				SetLoadedEditorAssemblies (0ms)
				RefreshPlugins (1ms)
				BeforeProcessingInitializeOnLoad (89ms)
				ProcessInitializeOnLoadAttributes (221ms)
				ProcessInitializeOnLoadMethodAttributes (26ms)
				AfterProcessingInitializeOnLoad (7ms)
				EditorAssembliesLoaded (0ms)
			ExecutionOrderSort2 (0ms)
			AwakeInstancesAfterBackupRestoration (5ms)
Platform modules already initialized, skipping
========================================================================
Worker process is ready to serve import requests
Launched and connected shader compiler UnityShaderCompiler.exe after 0.04 seconds
Refreshing native plugins compatible for Editor in 1.07 ms, found 3 plugins.
Preloading 0 native plugins for Editor in 0.00 ms.
Unloading 3445 Unused Serialized files (Serialized files now loaded: 0)
Unloading 27 unused Assets / (111.0 KB). Loaded Objects now: 3923.
Memory consumption went from 132.2 MB to 132.1 MB.
Total: 3.766700 ms (FindLiveObjects: 0.332100 ms CreateObjectMapping: 0.255900 ms MarkObjects: 3.065500 ms  DeleteObjects: 0.112300 ms)

AssetImportParameters requested are different than current active one (requested -> active):
  custom:video-decoder-ogg-theora: a1e56fd34408186e4bbccfd4996cb3dc -> 
  custom:container-muxer-webm: aa71ff27fc2769a1b78a27578f13a17b -> 
  custom:container-demuxer-webm: 4f35f7cbe854078d1ac9338744f61a02 -> 
  custom:video-encoder-webm-vp8: eb34c28f22e8b96e1ab97ce403110664 -> 
  custom:audio-encoder-webm-vorbis: bf7c407c2cedff20999df2af8eb42d56 -> 
  custom:framework-win-MediaFoundation: 216162199b28c13a410421893ffa2e32 -> 
  custom:container-demuxer-ogg: 62fdf1f143b41e24485cea50d1cbac27 -> 
  custom:video-decoder-webm-vp8: 9c59270c3fd7afecdb556c50c9e8de78 -> 
  custom:audio-decoder-ogg-vorbis: bf7c407c2cedff20999df2af8eb42d56 -> 
========================================================================
Received Import Request.
  Time since last request: 152246.398791 seconds.
  path: Assets/Assets/Prefabs/PowerUps/HealthPrefab.prefab
  artifactKey: Guid(df4282b458f93bd4b817687259aaca35) Importer(815301076,1909f56bfc062723c751e8b465ee728b)
Start importing Assets/Assets/Prefabs/PowerUps/HealthPrefab.prefab using Guid(df4282b458f93bd4b817687259aaca35) Importer(815301076,1909f56bfc062723c751e8b465ee728b)  -> (artifact id: '92d6fe7d4df195042315c635dabf2caf') in 0.115718 seconds 
========================================================================
Received Import Request.
  Time since last request: 6.547316 seconds.
  path: Assets/Assets/Prefabs/PowerUps/MaxHealthPrefab.prefab
  artifactKey: Guid(1fc5fbe8cb8299843b1309f5d7647825) Importer(815301076,1909f56bfc062723c751e8b465ee728b)
Start importing Assets/Assets/Prefabs/PowerUps/MaxHealthPrefab.prefab using Guid(1fc5fbe8cb8299843b1309f5d7647825) Importer(815301076,1909f56bfc062723c751e8b465ee728b)  -> (artifact id: 'e69d58679195780734d1eae6f362094a') in 0.018042 seconds 
========================================================================
Received Import Request.
  Time since last request: 9.502539 seconds.
  path: Assets/Assets/Prefabs/PowerUps/NukePrefab.prefab
  artifactKey: Guid(c6aaca062f074ce49a067898f1aaef2a) Importer(815301076,1909f56bfc062723c751e8b465ee728b)
Start importing Assets/Assets/Prefabs/PowerUps/NukePrefab.prefab using Guid(c6aaca062f074ce49a067898f1aaef2a) Importer(815301076,1909f56bfc062723c751e8b465ee728b)  -> (artifact id: 'eb1b260359b936b9982e5221489b2cee') in 0.022006 seconds 
========================================================================
Received Import Request.
  Time since last request: 9.638303 seconds.
  path: Assets/Assets/Prefabs/Guns/Drops/MiniGunDrop.prefab
  artifactKey: Guid(0811968d73ca30d4a90f77a01d28d88e) Importer(815301076,1909f56bfc062723c751e8b465ee728b)
Start importing Assets/Assets/Prefabs/Guns/Drops/MiniGunDrop.prefab using Guid(0811968d73ca30d4a90f77a01d28d88e) Importer(815301076,1909f56bfc062723c751e8b465ee728b)  -> (artifact id: '4922d86bf99ffe6af20fbf740a478d9d') in 0.083482 seconds 
========================================================================
Received Import Request.
  Time since last request: 43.167997 seconds.
  path: Assets/Assets/Prefabs/Guns/Drops/PistolDrop.prefab
  artifactKey: Guid(b1e6ad92ff235604e89b6daa3fc7f184) Importer(815301076,1909f56bfc062723c751e8b465ee728b)
Start importing Assets/Assets/Prefabs/Guns/Drops/PistolDrop.prefab using Guid(b1e6ad92ff235604e89b6daa3fc7f184) Importer(815301076,1909f56bfc062723c751e8b465ee728b)  -> (artifact id: 'd24066fd14a8202ef5fb679d3b4ab05e') in 0.018521 seconds 
========================================================================
Received Import Request.
  Time since last request: 4.560596 seconds.
  path: Assets/Assets/Prefabs/Guns/Drops/ShotgunDrop.prefab
  artifactKey: Guid(56a1126e748c1e946add4909a993c0ff) Importer(815301076,1909f56bfc062723c751e8b465ee728b)
Start importing Assets/Assets/Prefabs/Guns/Drops/ShotgunDrop.prefab using Guid(56a1126e748c1e946add4909a993c0ff) Importer(815301076,1909f56bfc062723c751e8b465ee728b)  -> (artifact id: 'f387874705a81f36fba1d6a09eee7f92') in 0.017790 seconds 
========================================================================
Received Import Request.
  Time since last request: 5.094488 seconds.
  path: Assets/Assets/Prefabs/Guns/Drops/SmgDrop.prefab
  artifactKey: Guid(ac8339d3e7164c944b2d8054fccb3f82) Importer(815301076,1909f56bfc062723c751e8b465ee728b)
Start importing Assets/Assets/Prefabs/Guns/Drops/SmgDrop.prefab using Guid(ac8339d3e7164c944b2d8054fccb3f82) Importer(815301076,1909f56bfc062723c751e8b465ee728b)  -> (artifact id: '89c1a05dfff6372120678adcea7de035') in 0.017322 seconds 
========================================================================
Received Import Request.
  Time since last request: 4.618934 seconds.
  path: Assets/Assets/Prefabs/Guns/Drops/SniperDrop.prefab
  artifactKey: Guid(9c7d64be214cc664393e0d3a3210151a) Importer(815301076,1909f56bfc062723c751e8b465ee728b)
Start importing Assets/Assets/Prefabs/Guns/Drops/SniperDrop.prefab using Guid(9c7d64be214cc664393e0d3a3210151a) Importer(815301076,1909f56bfc062723c751e8b465ee728b)  -> (artifact id: 'd9e7b8959aa8cbb3002904343fd1d59c') in 0.017726 seconds 
========================================================================
Received Import Request.
  Time since last request: 693.391614 seconds.
  path: Assets/Scripts/Companion/FSM/States/Fetch.cs
  artifactKey: Guid(91db0fe67bf564d468994ca6b85fd407) Importer(815301076,1909f56bfc062723c751e8b465ee728b)
Start importing Assets/Scripts/Companion/FSM/States/Fetch.cs using Guid(91db0fe67bf564d468994ca6b85fd407) Importer(815301076,1909f56bfc062723c751e8b465ee728b)  -> (artifact id: '6ae19d308708da4a6d0b303cc32bd161') in 0.005777 seconds 
========================================================================
Received Import Request.
  Time since last request: 6.291326 seconds.
  path: Assets/Scripts/Companion/FSM/States/Fetch.cs
  artifactKey: Guid(91db0fe67bf564d468994ca6b85fd407) Importer(815301076,1909f56bfc062723c751e8b465ee728b)
Start importing Assets/Scripts/Companion/FSM/States/Fetch.cs using Guid(91db0fe67bf564d468994ca6b85fd407) Importer(815301076,1909f56bfc062723c751e8b465ee728b)  -> (artifact id: 'c18169184ce56dd3df9443da3a657f3f') in 0.005798 seconds 
========================================================================
Received Import Request.
  Time since last request: 11.362808 seconds.
  path: Assets/Scripts/Companion/FSM/States/Fetch.cs
  artifactKey: Guid(91db0fe67bf564d468994ca6b85fd407) Importer(815301076,1909f56bfc062723c751e8b465ee728b)
Start importing Assets/Scripts/Companion/FSM/States/Fetch.cs using Guid(91db0fe67bf564d468994ca6b85fd407) Importer(815301076,1909f56bfc062723c751e8b465ee728b)  -> (artifact id: '776f0b5879739e3398a775ec6b24f0b7') in 0.003753 seconds 
========================================================================
Received Import Request.
  Time since last request: 274.806910 seconds.
  path: Assets/Scripts/Companion/FSM/Transition.cs
  artifactKey: Guid(fb68d1449168ca54ba95af5d5e1b4977) Importer(815301076,1909f56bfc062723c751e8b465ee728b)
Start importing Assets/Scripts/Companion/FSM/Transition.cs using Guid(fb68d1449168ca54ba95af5d5e1b4977) Importer(815301076,1909f56bfc062723c751e8b465ee728b)  -> (artifact id: 'abc01cf412caeb54e840dfd6d7115615') in 0.004013 seconds 
========================================================================
Received Import Request.
  Time since last request: 224.145843 seconds.
  path: Assets/Scripts/Companion/FSM/Condition.cs
  artifactKey: Guid(71510e95ead48d8459583d2bd681621e) Importer(815301076,1909f56bfc062723c751e8b465ee728b)
Start importing Assets/Scripts/Companion/FSM/Condition.cs using Guid(71510e95ead48d8459583d2bd681621e) Importer(815301076,1909f56bfc062723c751e8b465ee728b)  -> (artifact id: '861fb9d85c4cb1c7361c2ba484940b97') in 0.005860 seconds 
